<?xml version="1.0" encoding="UTF-8"?>
<!-- Generated by org.testng.reporters.JUnitXMLReporter -->
<testsuite ignored="0" hostname="DESKTOP-RQMUG97" failures="1" tests="4" name="Surefire test" time="9.966" errors="0" timestamp="2025-04-14T18:46:19 IST">
  <testcase classname="api.testcase.UserModuleTest" name="testPostUser" time="3.216"/>
  <testcase classname="api.testcase.UserModuleTest" name="testGetUserByName" time="1.529">
    <failure type="java.lang.AssertionError" message="expected [200] but found [404]">
      <![CDATA[java.lang.AssertionError: expected [200] but found [404]
at api.testcase.UserModuleTest.testGetUserByName(UserModuleTest.java:60)
at java.base/java.util.ArrayList.forEach(ArrayList.java:1511)
... Removed 39 stack frames]]>
    </failure>
  </testcase> <!-- testGetUserByName -->
  <testcase classname="api.testcase.UserModuleTest" name="testUpdateUserByName" time="2.843"/>
  <testcase classname="api.testcase.UserModuleTest" name="testDeleteUserByName" time="1.451"/>
</testsuite> <!-- Surefire test -->
