<?xml version="1.0" encoding="UTF-8"?>
<!-- Generated by org.testng.reporters.JUnitXMLReporter -->
<testsuite ignored="0" hostname="DESKTOP-RQMUG97" failures="1" tests="6" name="Test" time="12.682" errors="0" timestamp="2025-04-14T16:47:33 IST">
  <testcase classname="api.testcase.DDTests" name="testPostUser" time="3.958"/>
  <testcase classname="api.testcase.DDTests" name="testPostUser" time="1.322"/>
  <testcase classname="api.testcase.DDTests" name="testPostUser" time="1.352"/>
  <testcase classname="api.testcase.DDTests" name="testDeleteUser" time="1.264"/>
  <testcase classname="api.testcase.DDTests" name="testDeleteUser" time="1.241"/>
  <testcase classname="api.testcase.DDTests" name="testDeleteUser" time="1.36">
    <failure type="java.lang.AssertionError" message="expected [200] but found [404]">
      <![CDATA[java.lang.AssertionError: expected [200] but found [404]
at api.testcase.DDTests.testDeleteUser(DDTests.java:40)
at java.base/java.util.ArrayList.forEach(ArrayList.java:1597)
... Removed 32 stack frames]]>
    </failure>
  </testcase> <!-- testDeleteUser -->
</testsuite> <!-- Test -->
