<?xml version="1.0" encoding="UTF-8"?>
<!-- Generated by org.testng.reporters.JUnitXMLReporter -->
<testsuite ignored="0" hostname="DESKTOP-RQMUG97" failures="0" tests="6" name="Test" time="13.557" errors="0" timestamp="2025-04-14T18:34:50 IST">
  <testcase classname="api.testcase.DDTests" name="testPostUser" time="4.22"/>
  <testcase classname="api.testcase.DDTests" name="testPostUser" time="1.39"/>
  <testcase classname="api.testcase.DDTests" name="testPostUser" time="1.533"/>
  <testcase classname="api.testcase.DDTests" name="testDeleteUser" time="1.538"/>
  <testcase classname="api.testcase.DDTests" name="testDeleteUser" time="1.435"/>
  <testcase classname="api.testcase.DDTests" name="testDeleteUser" time="1.53"/>
</testsuite> <!-- Test -->
