<?xml version="1.0" encoding="UTF-8"?>
<!-- Generated by org.testng.reporters.JUnitReportReporter -->
<testsuite hostname="DESKTOP-RQMUG97" failures="0" tests="6" name="api.testcase.DDTests" time="11.144" errors="0" timestamp="2025-04-14T18:35:39 IST" skipped="0">
  <testcase classname="api.testcase.DDTests" name="testPostUser" time="3.566"/>
  <testcase classname="api.testcase.DDTests" name="testPostUser" time="1.483"/>
  <testcase classname="api.testcase.DDTests" name="testPostUser" time="1.482"/>
  <testcase classname="api.testcase.DDTests" name="testDeleteUser" time="1.510"/>
  <testcase classname="api.testcase.DDTests" name="testDeleteUser" time="1.569"/>
  <testcase classname="api.testcase.DDTests" name="testDeleteUser" time="1.534"/>
</testsuite> <!-- api.testcase.DDTests -->
